<?xml version="1.0" encoding="utf-8"?><testsuites name="pytest tests"><testsuite name="pytest" errors="0" failures="0" skipped="0" tests="33" time="8.905" timestamp="2026-08-27T18:25:12.953796+00:00" hostname="agent-env-4a07e04f-2fa9-4259-970b-60afde37fe78"><testcase classname="tests.backend_test.TestAuth" name="test_me_admin" time="3.584" /><testcase classname="tests.backend_test.TestAuth" name="test_bad_password_401" time="0.326" /><testcase classname="tests.backend_test.TestAuth" name="test_no_token_401" time="0.107" /><testcase classname="tests.backend_test.TestAuth" name="test_masters" time="0.106" /><testcase classname="tests.backend_test.TestFreshSlate" name="test_staff_cannot_reset" time="0.465" /><testcase classname="tests.backend_test.TestFreshSlate" name="test_admin_reset_and_empty_state" time="0.443" /><testcase classname="tests.backend_test.TestFreshSlate" name="test_dashboard_zeros" time="0.137" /><testcase classname="tests.backend_test.TestTenderTxnApprovalFlow" name="test_create_tender" time="0.510" /><testcase classname="tests.backend_test.TestTenderTxnApprovalFlow" name="test_tender_in_list" time="0.140" /><testcase classname="tests.backend_test.TestTenderTxnApprovalFlow" name="test_create_transaction_requested" time="0.283" /><testcase classname="tests.backend_test.TestTenderTxnApprovalFlow" name="test_txn_in_pending_queue" time="0.137" /><testcase classname="tests.backend_test.TestTenderTxnApprovalFlow" name="test_staff_cannot_approve" time="0.150" /><testcase classname="tests.backend_test.TestTenderTxnApprovalFlow" name="test_owner_self_approve_succeeds" time="0.216" /><testcase classname="tests.backend_test.TestTenderTxnApprovalFlow" name="test_removed_from_pending_queue" time="0.092" /><testcase classname="tests.backend_test.TestTenderTxnApprovalFlow" name="test_audit_history_has_self_flag" time="0.101" /><testcase classname="tests.backend_test.TestTenderTxnApprovalFlow" name="test_approve_missing_txn_404" time="0.112" /><testcase classname="tests.backend_test.TestTenderTxnApprovalFlow" name="test_approve_invalid_action_422" time="0.096" /><testcase classname="tests.backend_test.TestCsvExport" name="test_csv_with_query_token" time="0.094" /><testcase classname="tests.backend_test.TestCsvExport" name="test_csv_with_header_token" time="0.098" /><testcase classname="tests.backend_test.TestCsvExport" name="test_csv_no_auth_401" time="0.102" /><testcase classname="tests.backend_test.TestCsvExport" name="test_csv_bad_token_401" time="0.091" /><testcase classname="tests.backend_test.TestCsvExport" name="test_csv_filter_excludes" time="0.167" /><testcase classname="tests.backend_test.TestBillExtractGuards" name="test_requires_auth" time="0.108" /><testcase classname="tests.backend_test.TestBillExtractGuards" name="test_missing_file_422" time="0.198" /><testcase classname="tests.backend_test.TestReportsSmoke" name="test_get_ok[/reports/dashboard]" time="0.118" /><testcase classname="tests.backend_test.TestReportsSmoke" name="test_get_ok[/reports/payables]" time="0.101" /><testcase classname="tests.backend_test.TestReportsSmoke" name="test_get_ok[/reports/receivables]" time="0.092" /><testcase classname="tests.backend_test.TestReportsSmoke" name="test_get_ok[/reports/personal-payments]" time="0.121" /><testcase classname="tests.backend_test.TestReportsSmoke" name="test_get_ok[/bank]" time="0.128" /><testcase classname="tests.backend_test.TestReportsSmoke" name="test_get_ok[/ebg]" time="0.092" /><testcase classname="tests.backend_test.TestReportsSmoke" name="test_get_ok[/notifications]" time="0.100" /><testcase classname="tests.backend_test.TestReportsSmoke" name="test_get_ok[/vendors]" time="0.095" /><testcase classname="tests.backend_test.TestReportsSmoke" name="test_get_ok[/invoices]" time="0.096" /></testsuite></testsuites>