<?xml version="1.0" encoding="utf-8"?><testsuites name="pytest tests"><testsuite name="pytest" errors="0" failures="0" skipped="0" tests="87" time="20.189" timestamp="2026-08-27T19:22:13.041558+00:00" hostname="agent-env-4a07e04f-2fa9-4259-970b-60afde37fe78"><testcase classname="tests.backend_test.TestAuth" name="test_me_admin" time="0.656" /><testcase classname="tests.backend_test.TestAuth" name="test_bad_password_401" time="0.344" /><testcase classname="tests.backend_test.TestAuth" name="test_no_token_401" time="0.176" /><testcase classname="tests.backend_test.TestAuth" name="test_masters" time="0.111" /><testcase classname="tests.backend_test.TestFreshSlate" name="test_staff_cannot_reset" time="0.450" /><testcase classname="tests.backend_test.TestFreshSlate" name="test_admin_reset_and_empty_state" time="0.336" /><testcase classname="tests.backend_test.TestFreshSlate" name="test_dashboard_zeros" time="0.125" /><testcase classname="tests.backend_test.TestTenderTxnApprovalFlow" name="test_create_tender" time="0.214" /><testcase classname="tests.backend_test.TestTenderTxnApprovalFlow" name="test_tender_in_list" time="0.091" /><testcase classname="tests.backend_test.TestTenderTxnApprovalFlow" name="test_create_transaction_requested" time="0.200" /><testcase classname="tests.backend_test.TestTenderTxnApprovalFlow" name="test_txn_in_pending_queue" time="0.095" /><testcase classname="tests.backend_test.TestTenderTxnApprovalFlow" name="test_staff_cannot_approve" time="0.094" /><testcase classname="tests.backend_test.TestTenderTxnApprovalFlow" name="test_owner_self_approve_succeeds" time="0.185" /><testcase classname="tests.backend_test.TestTenderTxnApprovalFlow" name="test_removed_from_pending_queue" time="0.097" /><testcase classname="tests.backend_test.TestTenderTxnApprovalFlow" name="test_audit_history_has_self_flag" time="0.097" /><testcase classname="tests.backend_test.TestTenderTxnApprovalFlow" name="test_approve_missing_txn_404" time="0.099" /><testcase classname="tests.backend_test.TestTenderTxnApprovalFlow" name="test_approve_invalid_action_422" time="0.099" /><testcase classname="tests.backend_test.TestCsvExport" name="test_csv_with_query_token" time="0.091" /><testcase classname="tests.backend_test.TestCsvExport" name="test_csv_with_header_token" time="0.098" /><testcase classname="tests.backend_test.TestCsvExport" name="test_csv_no_auth_401" time="0.101" /><testcase classname="tests.backend_test.TestCsvExport" name="test_csv_bad_token_401" time="0.100" /><testcase classname="tests.backend_test.TestCsvExport" name="test_csv_filter_excludes" time="0.099" /><testcase classname="tests.backend_test.TestBillExtractGuards" name="test_requires_auth" time="0.114" /><testcase classname="tests.backend_test.TestBillExtractGuards" name="test_missing_file_422" time="0.230" /><testcase classname="tests.backend_test.TestReportsSmoke" name="test_get_ok[/reports/dashboard]" time="0.107" /><testcase classname="tests.backend_test.TestReportsSmoke" name="test_get_ok[/reports/payables]" time="0.103" /><testcase classname="tests.backend_test.TestReportsSmoke" name="test_get_ok[/reports/receivables]" time="0.098" /><testcase classname="tests.backend_test.TestReportsSmoke" name="test_get_ok[/reports/personal-payments]" time="0.092" /><testcase classname="tests.backend_test.TestReportsSmoke" name="test_get_ok[/bank]" time="0.094" /><testcase classname="tests.backend_test.TestReportsSmoke" name="test_get_ok[/ebg]" time="0.088" /><testcase classname="tests.backend_test.TestReportsSmoke" name="test_get_ok[/notifications]" time="0.087" /><testcase classname="tests.backend_test.TestReportsSmoke" name="test_get_ok[/vendors]" time="0.088" /><testcase classname="tests.backend_test.TestReportsSmoke" name="test_get_ok[/invoices]" time="0.091" /><testcase classname="tests.test_approval_rule_edit_delete.TestApprovalRuleAndEditDelete" name="test_01_reset_and_tender" time="0.886" /><testcase classname="tests.test_approval_rule_edit_delete.TestApprovalRuleAndEditDelete" name="test_02_requested_txn_excluded_from_kpis" time="0.187" /><testcase classname="tests.test_approval_rule_edit_delete.TestApprovalRuleAndEditDelete" name="test_03_approve_makes_it_count" time="0.276" /><testcase classname="tests.test_approval_rule_edit_delete.TestApprovalRuleAndEditDelete" name="test_04_payable_counts_as_cost" time="0.197" /><testcase classname="tests.test_approval_rule_edit_delete.TestApprovalRuleAndEditDelete" name="test_05_patch_updates_amount_and_kpis" time="0.211" /><testcase classname="tests.test_approval_rule_edit_delete.TestApprovalRuleAndEditDelete" name="test_06_audit_has_edit_entry" time="0.065" /><testcase classname="tests.test_approval_rule_edit_delete.TestApprovalRuleAndEditDelete" name="test_07_patch_only_disallowed_keys_400" time="0.161" /><testcase classname="tests.test_approval_rule_edit_delete.TestApprovalRuleAndEditDelete" name="test_08_patch_unknown_id_404" time="0.065" /><testcase classname="tests.test_approval_rule_edit_delete.TestApprovalRuleAndEditDelete" name="test_09_patch_reversed_txn_400" time="0.243" /><testcase classname="tests.test_approval_rule_edit_delete.TestApprovalRuleAndEditDelete" name="test_10_staff_cannot_patch_approved" time="0.059" /><testcase classname="tests.test_approval_rule_edit_delete.TestApprovalRuleAndEditDelete" name="test_11_delete_requested_ok" time="0.184" /><testcase classname="tests.test_approval_rule_edit_delete.TestApprovalRuleAndEditDelete" name="test_12_delete_rejected_ok" time="0.247" /><testcase classname="tests.test_approval_rule_edit_delete.TestApprovalRuleAndEditDelete" name="test_13_delete_payable_ok" time="0.117" /><testcase classname="tests.test_approval_rule_edit_delete.TestApprovalRuleAndEditDelete" name="test_14_delete_approved_409" time="0.121" /><testcase classname="tests.test_approval_rule_edit_delete.TestApprovalRuleAndEditDelete" name="test_15_delete_paid_409" time="0.139" /><testcase classname="tests.test_approval_rule_edit_delete.TestApprovalRuleAndEditDelete" name="test_16_staff_cannot_delete" time="0.175" /><testcase classname="tests.test_approval_rule_edit_delete.TestApprovalRuleAndEditDelete" name="test_17_delete_unknown_404" time="0.062" /><testcase classname="tests.test_approval_rule_edit_delete.TestApprovalRuleAndEditDelete" name="test_99_cleanup" time="0.067" /><testcase classname="tests.test_rejection_exclusion.TestRejectedReversedExclusion" name="test_01_reset" time="0.880" /><testcase classname="tests.test_rejection_exclusion.TestRejectedReversedExclusion" name="test_02_create_tender" time="0.097" /><testcase classname="tests.test_rejection_exclusion.TestRejectedReversedExclusion" name="test_03_staff_creates_requested_emd" time="0.195" /><testcase classname="tests.test_rejection_exclusion.TestRejectedReversedExclusion" name="test_04_admin_rejects" time="0.182" /><testcase classname="tests.test_rejection_exclusion.TestRejectedReversedExclusion" name="test_05_dashboard_all_zero_after_reject" time="0.097" /><testcase classname="tests.test_rejection_exclusion.TestRejectedReversedExclusion" name="test_06_tender_pnl_zero_after_reject" time="0.098" /><testcase classname="tests.test_rejection_exclusion.TestRejectedReversedExclusion" name="test_07_rejected_row_still_listed" time="0.090" /><testcase classname="tests.test_rejection_exclusion.TestRejectedReversedExclusion" name="test_08_rejected_details_endpoint" time="0.094" /><testcase classname="tests.test_rejection_exclusion.TestRejectedReversedExclusion" name="test_09_payables_excludes_rejected" time="0.086" /><testcase classname="tests.test_rejection_exclusion.TestRejectedReversedExclusion" name="test_10_create_paid_txn_and_reverse" time="0.357" /><testcase classname="tests.test_rejection_exclusion.TestRejectedReversedExclusion" name="test_11_dashboard_excludes_reversed" time="0.088" /><testcase classname="tests.test_rejection_exclusion.TestRejectedReversedExclusion" name="test_12_tender_pnl_excludes_reversed" time="0.091" /><testcase classname="tests.test_rejection_exclusion.TestRejectedReversedExclusion" name="test_13_valid_txn_still_counts" time="0.269" /><testcase classname="tests.test_rejection_exclusion.TestRejectedReversedExclusion" name="test_14_payable_txn_counts_then_rejected_excluded" time="0.521" /><testcase classname="tests.test_rejection_exclusion.TestRejectedReversedExclusion" name="test_15_emd_refund_flow_regression" time="0.351" /><testcase classname="tests.test_rejection_exclusion.TestRejectedReversedExclusion" name="test_16_missing_proof_excludes_reversed_pair" time="0.463" /><testcase classname="tests.test_rejection_exclusion.TestRejectedReversedExclusion" name="test_17_personal_reimbursement_excludes_reversed_pair" time="0.455" /><testcase classname="tests.test_rejection_exclusion.TestRejectedReversedExclusion" name="test_99_cleanup" time="0.098" /><testcase classname="tests.test_tender_crud.TestPatchTender" name="test_patch_partial_preserves_other_fields" time="0.624" /><testcase classname="tests.test_tender_crud.TestPatchTender" name="test_patch_ignores_unknown_fields_only" time="0.270" /><testcase classname="tests.test_tender_crud.TestPatchTender" name="test_patch_404_unknown_tender" time="0.104" /><testcase classname="tests.test_tender_crud.TestPatchTender" name="test_patch_audit_trail_update_recorded" time="0.236" /><testcase classname="tests.test_tender_crud.TestReferencesAndDelete" name="test_references_safe_tender" time="0.190" /><testcase classname="tests.test_tender_crud.TestReferencesAndDelete" name="test_delete_safe_tender" time="0.356" /><testcase classname="tests.test_tender_crud.TestReferencesAndDelete" name="test_delete_blocked_409_with_txn" time="0.402" /><testcase classname="tests.test_tender_crud.TestReferencesAndDelete" name="test_force_delete_cascades" time="1.184" /><testcase classname="tests.test_tender_crud.TestReferencesAndDelete" name="test_delete_404_unknown" time="0.072" /><testcase classname="tests.test_tender_crud.TestArchive" name="test_archive_hides_from_default_list" time="0.420" /><testcase classname="tests.test_tender_crud.TestArchive" name="test_unarchive_restores" time="0.385" /><testcase classname="tests.test_tender_crud.TestArchive" name="test_archive_no_reason_ok" time="0.293" /><testcase classname="tests.test_tender_crud.TestArchive" name="test_archive_404_unknown" time="0.101" /><testcase classname="tests.test_tender_crud.TestArchive" name="test_unarchive_404_unknown" time="0.090" /><testcase classname="tests.test_tender_crud.TestRoleGuards" name="test_staff_cannot_delete" time="0.503" /><testcase classname="tests.test_tender_crud.TestRoleGuards" name="test_staff_cannot_force_delete" time="0.223" /><testcase classname="tests.test_tender_crud.TestRoleGuards" name="test_staff_can_patch_and_archive" time="0.305" /><testcase classname="tests.test_tender_crud.TestRoleGuards" name="test_delete_requires_auth" time="1.171" /></testsuite></testsuites>