<?xml version="1.0" encoding="utf-8"?><testsuites name="pytest tests"><testsuite name="pytest" errors="0" failures="0" skipped="0" tests="51" time="10.576" timestamp="2026-08-27T18:57:45.302383+00:00" hostname="agent-env-4a07e04f-2fa9-4259-970b-60afde37fe78"><testcase classname="tests.backend_test.TestAuth" name="test_me_admin" time="0.549" /><testcase classname="tests.backend_test.TestAuth" name="test_bad_password_401" time="0.315" /><testcase classname="tests.backend_test.TestAuth" name="test_no_token_401" time="0.089" /><testcase classname="tests.backend_test.TestAuth" name="test_masters" time="0.093" /><testcase classname="tests.backend_test.TestFreshSlate" name="test_staff_cannot_reset" time="0.428" /><testcase classname="tests.backend_test.TestFreshSlate" name="test_admin_reset_and_empty_state" time="0.276" /><testcase classname="tests.backend_test.TestFreshSlate" name="test_dashboard_zeros" time="0.143" /><testcase classname="tests.backend_test.TestTenderTxnApprovalFlow" name="test_create_tender" time="0.285" /><testcase classname="tests.backend_test.TestTenderTxnApprovalFlow" name="test_tender_in_list" time="0.170" /><testcase classname="tests.backend_test.TestTenderTxnApprovalFlow" name="test_create_transaction_requested" time="0.296" /><testcase classname="tests.backend_test.TestTenderTxnApprovalFlow" name="test_txn_in_pending_queue" time="0.101" /><testcase classname="tests.backend_test.TestTenderTxnApprovalFlow" name="test_staff_cannot_approve" time="0.092" /><testcase classname="tests.backend_test.TestTenderTxnApprovalFlow" name="test_owner_self_approve_succeeds" time="0.207" /><testcase classname="tests.backend_test.TestTenderTxnApprovalFlow" name="test_removed_from_pending_queue" time="0.110" /><testcase classname="tests.backend_test.TestTenderTxnApprovalFlow" name="test_audit_history_has_self_flag" time="0.112" /><testcase classname="tests.backend_test.TestTenderTxnApprovalFlow" name="test_approve_missing_txn_404" time="0.118" /><testcase classname="tests.backend_test.TestTenderTxnApprovalFlow" name="test_approve_invalid_action_422" time="0.108" /><testcase classname="tests.backend_test.TestCsvExport" name="test_csv_with_query_token" time="0.096" /><testcase classname="tests.backend_test.TestCsvExport" name="test_csv_with_header_token" time="0.088" /><testcase classname="tests.backend_test.TestCsvExport" name="test_csv_no_auth_401" time="0.082" /><testcase classname="tests.backend_test.TestCsvExport" name="test_csv_bad_token_401" time="0.086" /><testcase classname="tests.backend_test.TestCsvExport" name="test_csv_filter_excludes" time="0.098" /><testcase classname="tests.backend_test.TestBillExtractGuards" name="test_requires_auth" time="0.113" /><testcase classname="tests.backend_test.TestBillExtractGuards" name="test_missing_file_422" time="0.232" /><testcase classname="tests.backend_test.TestReportsSmoke" name="test_get_ok[/reports/dashboard]" time="0.110" /><testcase classname="tests.backend_test.TestReportsSmoke" name="test_get_ok[/reports/payables]" time="0.091" /><testcase classname="tests.backend_test.TestReportsSmoke" name="test_get_ok[/reports/receivables]" time="0.091" /><testcase classname="tests.backend_test.TestReportsSmoke" name="test_get_ok[/reports/personal-payments]" time="0.094" /><testcase classname="tests.backend_test.TestReportsSmoke" name="test_get_ok[/bank]" time="0.122" /><testcase classname="tests.backend_test.TestReportsSmoke" name="test_get_ok[/ebg]" time="0.111" /><testcase classname="tests.backend_test.TestReportsSmoke" name="test_get_ok[/notifications]" time="0.097" /><testcase classname="tests.backend_test.TestReportsSmoke" name="test_get_ok[/vendors]" time="0.105" /><testcase classname="tests.backend_test.TestReportsSmoke" name="test_get_ok[/invoices]" time="0.096" /><testcase classname="tests.test_rejection_exclusion.TestRejectedReversedExclusion" name="test_01_reset" time="1.093" /><testcase classname="tests.test_rejection_exclusion.TestRejectedReversedExclusion" name="test_02_create_tender" time="0.083" /><testcase classname="tests.test_rejection_exclusion.TestRejectedReversedExclusion" name="test_03_staff_creates_requested_emd" time="0.168" /><testcase classname="tests.test_rejection_exclusion.TestRejectedReversedExclusion" name="test_04_admin_rejects" time="0.225" /><testcase classname="tests.test_rejection_exclusion.TestRejectedReversedExclusion" name="test_05_dashboard_all_zero_after_reject" time="0.137" /><testcase classname="tests.test_rejection_exclusion.TestRejectedReversedExclusion" name="test_06_tender_pnl_zero_after_reject" time="0.144" /><testcase classname="tests.test_rejection_exclusion.TestRejectedReversedExclusion" name="test_07_rejected_row_still_listed" time="0.101" /><testcase classname="tests.test_rejection_exclusion.TestRejectedReversedExclusion" name="test_08_rejected_details_endpoint" time="0.120" /><testcase classname="tests.test_rejection_exclusion.TestRejectedReversedExclusion" name="test_09_payables_excludes_rejected" time="0.151" /><testcase classname="tests.test_rejection_exclusion.TestRejectedReversedExclusion" name="test_10_create_paid_txn_and_reverse" time="0.622" /><testcase classname="tests.test_rejection_exclusion.TestRejectedReversedExclusion" name="test_11_dashboard_excludes_reversed" time="0.114" /><testcase classname="tests.test_rejection_exclusion.TestRejectedReversedExclusion" name="test_12_tender_pnl_excludes_reversed" time="0.091" /><testcase classname="tests.test_rejection_exclusion.TestRejectedReversedExclusion" name="test_13_valid_txn_still_counts" time="0.293" /><testcase classname="tests.test_rejection_exclusion.TestRejectedReversedExclusion" name="test_14_payable_txn_counts_then_rejected_excluded" time="0.554" /><testcase classname="tests.test_rejection_exclusion.TestRejectedReversedExclusion" name="test_15_emd_refund_flow_regression" time="0.361" /><testcase classname="tests.test_rejection_exclusion.TestRejectedReversedExclusion" name="test_16_missing_proof_excludes_reversed_pair" time="0.437" /><testcase classname="tests.test_rejection_exclusion.TestRejectedReversedExclusion" name="test_17_personal_reimbursement_excludes_reversed_pair" time="0.491" /><testcase classname="tests.test_rejection_exclusion.TestRejectedReversedExclusion" name="test_99_cleanup" time="0.099" /></testsuite></testsuites>