<?xml version="1.0" encoding="utf-8"?><testsuites name="pytest tests"><testsuite name="pytest" errors="0" failures="1" skipped="0" tests="18" time="11.558" timestamp="2026-08-27T18:57:25.990629+00:00" hostname="agent-env-4a07e04f-2fa9-4259-970b-60afde37fe78"><testcase classname="tests.test_tender_crud.TestPatchTender" name="test_patch_partial_preserves_other_fields" time="3.676" /><testcase classname="tests.test_tender_crud.TestPatchTender" name="test_patch_ignores_unknown_fields_only" time="0.325" /><testcase classname="tests.test_tender_crud.TestPatchTender" name="test_patch_404_unknown_tender" time="0.086" /><testcase classname="tests.test_tender_crud.TestPatchTender" name="test_patch_audit_trail_update_recorded" time="0.236" /><testcase classname="tests.test_tender_crud.TestReferencesAndDelete" name="test_references_safe_tender" time="0.180" /><testcase classname="tests.test_tender_crud.TestReferencesAndDelete" name="test_delete_safe_tender" time="0.418" /><testcase classname="tests.test_tender_crud.TestReferencesAndDelete" name="test_delete_blocked_409_with_txn" time="0.497" /><testcase classname="tests.test_tender_crud.TestReferencesAndDelete" name="test_force_delete_cascades" time="1.702" /><testcase classname="tests.test_tender_crud.TestReferencesAndDelete" name="test_delete_404_unknown" time="0.093" /><testcase classname="tests.test_tender_crud.TestArchive" name="test_archive_hides_from_default_list" time="0.551" /><testcase classname="tests.test_tender_crud.TestArchive" name="test_unarchive_restores" time="0.549" /><testcase classname="tests.test_tender_crud.TestArchive" name="test_archive_no_reason_ok" time="0.285" /><testcase classname="tests.test_tender_crud.TestArchive" name="test_archive_404_unknown" time="0.078" /><testcase classname="tests.test_tender_crud.TestArchive" name="test_unarchive_404_unknown" time="0.101"><failure message="AssertionError: expected 404 for unknown tender, got 200&#10;assert 200 == 404&#10; +  where 200 = &lt;Response [200]&gt;.status_code">tests/test_tender_crud.py:284: in test_unarchive_404_unknown
    assert r.status_code == 404, f"expected 404 for unknown tender, got {r.status_code}"
E   AssertionError: expected 404 for unknown tender, got 200
E   assert 200 == 404
E    +  where 200 = &lt;Response [200]&gt;.status_code</failure></testcase><testcase classname="tests.test_tender_crud.TestRoleGuards" name="test_staff_cannot_delete" time="0.571" /><testcase classname="tests.test_tender_crud.TestRoleGuards" name="test_staff_cannot_force_delete" time="0.246" /><testcase classname="tests.test_tender_crud.TestRoleGuards" name="test_staff_can_patch_and_archive" time="0.372" /><testcase classname="tests.test_tender_crud.TestRoleGuards" name="test_delete_requires_auth" time="1.473" /></testsuite></testsuites>